Content-Type: text/plain; charset="utf-8"
Content-Transfer-Encoding: base64
MIME-Version: 1.0
Subject: =?utf-8?b?0JLQvtGB0YHRgtCw0L3QvtCy0LvQtdC90LjQtSDQv9Cw0YDQvtC70Y8g?=
 =?utf-8?b?0L3QsCDRgdCw0LnRgtC1?= 127.0.0.1:8000
From: webmaster@localhost
To: gagkoevai.m@gmail.com
Date: Sun, 08 Feb 2026 12:05:11 +0000
Message-ID: <177055231166.3040.14701077024033493315@WIN-I7NKNOTAFUN>

0JfQtNGA0LDQstGB0YLQstGD0LnRgtC1LAoK0JLRiyDQv9C+0LvRg9GH0LjQu9C4INGN0YLQviDQ
v9C40YHRjNC80L4sINC/0L7RgtC+0LzRgyDRh9GC0L4g0LfQsNC/0YDQvtGB0LjQu9C4INCy0L7R
gdGB0YLQsNC90L7QstC70LXQvdC40LUg0L/QsNGA0L7Qu9GPINC00LvRjyDQstCw0YjQtdCz0L4g
0LDQutC60LDRg9C90YLQsCDQvdCwINGB0LDQudGC0LUgMTI3LjAuMC4xOjgwMDAuCgrQn9C+0LbQ
sNC70YPQudGB0YLQsCwg0L/QtdGA0LXQudC00LjRgtC1INC/0L4g0YHRgdGL0LvQutC1INC90LjQ
ttC1INC4INGB0L7Qt9C00LDQudGC0LUg0L3QvtCy0YvQuSDQv9Cw0YDQvtC70Yw6Cmh0dHA6Ly8x
MjcuMC4wLjE6ODAwMC9yZXNldC9NVGsvZDNvc2tuLTY5YzIzOWFiNzdjOTBkZWVmMjQyZjBlNDk0
MDEwNTc4LwoK0JLQsNGI0LUg0LjQvNGPINC/0L7Qu9GM0LfQvtCy0LDRgtC10LvRjyAo0L3QsCDR
gdC70YPRh9Cw0LksINC10YHQu9C4INCy0Ysg0LfQsNCx0YvQu9C4KTogZ2Fna29ldmFpCgrQodC/
0LDRgdC40LHQviDQt9CwINC40YHQv9C+0LvRjNC30L7QstCw0L3QuNC1INC90LDRiNC10LPQviDR
gdCw0LnRgtCwIQoK0JrQvtC80LDQvdC00LAgMTI3LjAuMC4xOjgwMDAK

-------------------------------------------------------------------------------
