Content-Type: text/plain; charset="utf-8"
Content-Transfer-Encoding: base64
MIME-Version: 1.0
Subject: =?utf-8?b?0JLQvtGB0YHRgtCw0L3QvtCy0LvQtdC90LjQtSDQv9Cw0YDQvtC70Y8g?=
 =?utf-8?b?0L3QsCDRgdCw0LnRgtC1?= 127.0.0.1:8000
From: webmaster@localhost
To: gagkoevai.m@gmail.com
Date: Sun, 08 Feb 2026 12:05:11 +0000
Message-ID: <177055231162.3040.16897686163083534903@WIN-I7NKNOTAFUN>

0JfQtNGA0LDQstGB0YLQstGD0LnRgtC1LAoK0JLRiyDQv9C+0LvRg9GH0LjQu9C4INGN0YLQviDQ
v9C40YHRjNC80L4sINC/0L7RgtC+0LzRgyDRh9GC0L4g0LfQsNC/0YDQvtGB0LjQu9C4INCy0L7R
gdGB0YLQsNC90L7QstC70LXQvdC40LUg0L/QsNGA0L7Qu9GPINC00LvRjyDQstCw0YjQtdCz0L4g
0LDQutC60LDRg9C90YLQsCDQvdCwINGB0LDQudGC0LUgMTI3LjAuMC4xOjgwMDAuCgrQn9C+0LbQ
sNC70YPQudGB0YLQsCwg0L/QtdGA0LXQudC00LjRgtC1INC/0L4g0YHRgdGL0LvQutC1INC90LjQ
ttC1INC4INGB0L7Qt9C00LDQudGC0LUg0L3QvtCy0YvQuSDQv9Cw0YDQvtC70Yw6Cmh0dHA6Ly8x
MjcuMC4wLjE6ODAwMC9yZXNldC9NUS9kM29za2stMWYyNzRiMDc2N2Y2NTdhOTFjYzhkNzkzODRi
Zjk2MWEvCgrQktCw0YjQtSDQuNC80Y8g0L/QvtC70YzQt9C+0LLQsNGC0LXQu9GPICjQvdCwINGB
0LvRg9GH0LDQuSwg0LXRgdC70Lgg0LLRiyDQt9Cw0LHRi9C70LgpOiBhZG1pbgoK0KHQv9Cw0YHQ
uNCx0L4g0LfQsCDQuNGB0L/QvtC70YzQt9C+0LLQsNC90LjQtSDQvdCw0YjQtdCz0L4g0YHQsNC5
0YLQsCEKCtCa0L7QvNCw0L3QtNCwIDEyNy4wLjAuMTo4MDAwCg==

-------------------------------------------------------------------------------
